[2026-04-20 15:08:31.499] === AUDIT RUN.BAT INICIADO ===
[2026-04-20 15:08:31.582] Directorio de trabajo: C:\Users\bnunez\Desktop\BOTS SUCAMEC\documentos-carnet-gadso
[2026-04-20 15:08:31.601] PID actual: 5684
[2026-04-20 15:08:31.603] Iniciando run.bat...
[2026-04-20 15:08:31.665] PID del proceso: 16068
[2026-04-20 15:08:36.789] Python activo: 4 procesos | CPU: 117.4375%
[2026-04-20 15:08:36.829] FOTO CARNE: 2026-04-20 15:01:45 | INFO | [FOTO CARNE] Flujo completado | workers=2 | procesados=2 | descargados=2 | sin_registros=0 | errores=0 | lote=C:\Users\bnunez\Desktop\BOTS SUCAMEC\documentos-carnet-gadso\lotes\lote-20-04-2026-15-00-38
[2026-04-20 15:08:36.831] DJ FUT: 2026-04-20 15:00:04 | INFO | [DJ FUT] Flujo completado | workers=2 | procesados=2 | descargados=2 | sin_registros=0 | errores=0 | lote=C:\Users\bnunez\Desktop\BOTS SUCAMEC\documentos-carnet-gadso\lotes\lote-20-04-2026-14-58-32
[2026-04-20 15:08:36.851] Tiempo transcurrido: 5 segundos
[2026-04-20 15:08:41.868] Python activo: 3 procesos | CPU: 116.859375%
[2026-04-20 15:08:41.881] FOTO CARNE: 2026-04-20 15:01:45 | INFO | [FOTO CARNE] Flujo completado | workers=2 | procesados=2 | descargados=2 | sin_registros=0 | errores=0 | lote=C:\Users\bnunez\Desktop\BOTS SUCAMEC\documentos-carnet-gadso\lotes\lote-20-04-2026-15-00-38
[2026-04-20 15:08:41.881] DJ FUT: 2026-04-20 15:00:04 | INFO | [DJ FUT] Flujo completado | workers=2 | procesados=2 | descargados=2 | sin_registros=0 | errores=0 | lote=C:\Users\bnunez\Desktop\BOTS SUCAMEC\documentos-carnet-gadso\lotes\lote-20-04-2026-14-58-32
[2026-04-20 15:08:41.881] Tiempo transcurrido: 10 segundos
[2026-04-20 15:08:41.896] Proceso terminado con código: 
[2026-04-20 15:08:41.900] Tiempo total: 04/20/2026 15:08:41 - 04/20/2026 15:08:31
[2026-04-20 15:08:41.902] === ÚLTIMA LÍNEA DE run_output.log ===
[2026-04-20 15:08:41.907] [RUN] Lote compartido: C:\Users\bnunez\Desktop\BOTS SUCAMEC\documentos-carnet-gadso\lotes\lote-20-04-2026-15-08-32 [RUN] Iniciando GALENIUS... [GALENIUS] El flujo termino con error. Codigo=1 [RUN] GALENIUS finalizo con codigo 1. [ERROR] El flujo galenius termino con codigo 1.
[2026-04-20 15:08:41.910] === ÚLTIMA LÍNEA DE run_error.log ===
[2026-04-20 15:08:41.914]   File "C:\Users\bnunez\AppData\Local\Programs\Python\Python314\Lib\asyncio\windows_utils.py", line 70, in pipe     h2 = _winapi.CreateFile(         address, access, 0, _winapi.NULL, _winapi.OPEN_EXISTING,         flags_and_attribs, _winapi.NULL) PermissionError: [WinError 5] Acceso denegado
[2026-04-20 15:08:41.914] === AUDIT COMPLETADO ===
