2026-04-20 15:09:13 | INFO | [GALENIUS] Run dir: C:\Users\bnunez\Desktop\BOTS SUCAMEC\documentos-carnet-gadso\logs\galenius\galenius_flow_20260420_150913
2026-04-20 15:09:13 | INFO | [GALENIUS] Inicio flujo unico | login=https://autovias.galenius.com/login?next=/
2026-04-20 15:09:13 | INFO | [GALENIUS] Directorio de lote creado | lote=lote-20-04-2026-15-09-13 | ruta=C:\Users\bnunez\Desktop\BOTS SUCAMEC\documentos-carnet-gadso\lotes\lote-20-04-2026-15-09-13
2026-04-20 15:09:18 | INFO | [GALENIUS] Cola cargada | total_filas=2 | pendientes=2 | hoja=BOT DOCUMENTOS
2026-04-20 15:09:20 | INFO | [GALENIUS] Preparando sesion autenticada
2026-04-20 15:09:30 | INFO | [GALENIUS] Login exitoso | URL=https://autovias.galenius.com/7504e858-657f-4de8-89bf-3112dc65117b/armas/armas/certificados
2026-04-20 15:09:31 | INFO | [GALENIUS] Procesamiento multihilo activado | workers=2 | pendientes=2
2026-04-20 15:09:32 | INFO | [GALENIUS][W1] Worker iniciado | log_dir=C:\Users\bnunez\Desktop\BOTS SUCAMEC\documentos-carnet-gadso\logs\galenius\galenius_flow_20260420_150913\workers\worker_1
2026-04-20 15:09:32 | INFO | [GALENIUS][W2] Worker iniciado | log_dir=C:\Users\bnunez\Desktop\BOTS SUCAMEC\documentos-carnet-gadso\logs\galenius\galenius_flow_20260420_150913\workers\worker_2
2026-04-20 15:09:32 | INFO | [GALENIUS][W1] Worker iniciado
2026-04-20 15:09:32 | INFO | [GALENIUS][W2] Worker iniciado
2026-04-20 15:09:36 | INFO | [GALENIUS][W2][76960463] Iniciando tratamiento documental | fila=2
2026-04-20 15:09:37 | INFO | [GALENIUS][W1][41628670] Iniciando tratamiento documental | fila=3
2026-04-20 15:09:40 | INFO | [GALENIUS][76960463] Hoja actualizada | fila=2 | estado=EN PROCESO W2
2026-04-20 15:09:40 | INFO | [GALENIUS][41628670] Hoja actualizada | fila=3 | estado=EN PROCESO W1
2026-04-20 15:09:41 | INFO | [GALENIUS][W2][76960463] Resultado seleccionado | orden=SUC-00025306 | fecha=17/02/2026 | paciente=CESPEDES OLMEDO, VICTOR MANUEL | empresa=J & V RESGUARDO S.A.C.
2026-04-20 15:09:41 | INFO | [GALENIUS][W1][41628670] Resultado seleccionado | orden=SUC-00025361 | fecha=17/02/2026 | paciente=ESPINOZA RODRIGUEZ, ALEX RICARDO | empresa=J & V RESGUARDO S.A.C.
2026-04-20 15:09:42 | INFO | [GALENIUS][W1][41628670] PDF guardado | local=C:\Users\bnunez\Desktop\BOTS SUCAMEC\documentos-carnet-gadso\lotes\lote-20-04-2026-15-09-13\41628670\certificado_medico_41628670.pdf | detalle=
2026-04-20 15:09:42 | INFO | [GALENIUS][W2][76960463] PDF guardado | local=C:\Users\bnunez\Desktop\BOTS SUCAMEC\documentos-carnet-gadso\lotes\lote-20-04-2026-15-09-13\76960463\certificado_medico_76960463.pdf | detalle=
2026-04-20 15:09:45 | INFO | [GALENIUS][41628670] Hoja actualizada | fila=3 | estado=DESCARGADO
2026-04-20 15:09:45 | INFO | [GALENIUS][W1] Worker finalizado | resumen={'procesados': 1, 'descargados': 1, 'sin_resultados': 0, 'errores': 0}
2026-04-20 15:09:45 | INFO | [GALENIUS][76960463] Hoja actualizada | fila=2 | estado=DESCARGADO
2026-04-20 15:09:45 | INFO | [GALENIUS][W2] Worker finalizado | resumen={'procesados': 1, 'descargados': 1, 'sin_resultados': 0, 'errores': 0}
2026-04-20 15:09:45 | INFO | [GALENIUS] Flujo completado | workers=2 | procesados=2 | descargados=2 | sin_resultados=0 | errores=0
2026-04-20 15:09:46 | INFO | [FOTO CARNE] Run dir: C:\Users\bnunez\Desktop\BOTS SUCAMEC\documentos-carnet-gadso\logs\foto_carne\foto_carne_20260420_150946
2026-04-20 15:09:46 | INFO | [FOTO CARNE] Usando lote compartido | lote=C:\Users\bnunez\Desktop\BOTS SUCAMEC\documentos-carnet-gadso\lotes\lote-20-04-2026-15-09-13
2026-04-20 15:09:46 | INFO | [FOTO CARNE] Cola source=https://docs.google.com/spreadsheets/d/1C-V6wNGXQEVfncbldOQfhDKT7Qwuk2BV6Y_gnV5-O4U/edit?gid=214579984#gid=214579984 | fuente=https://docs.google.com/spreadsheets/d/1I5CmLAxZxA5gIlHz_m5kDPTaHIs1yOEWvy7tN4Ia2hs/edit?pli=1&gid=999619533#gid=999619533
2026-04-20 15:09:52 | INFO | [FOTO CARNE] Fuente cargada | filas=4708 | dni_con_foto=4215
2026-04-20 15:10:00 | INFO | [FOTO CARNE] Cola cargada | filas=2 | filas_validas=2
2026-04-20 15:10:00 | INFO | [FOTO CARNE] Procesamiento multihilo activado | workers=2 | filas_validas=2
2026-04-20 15:10:03 | INFO | [FOTO CARNE] Hoja actualizada | fila=2 | estado=EN PROCESO W1 | observacion=
2026-04-20 15:10:03 | INFO | [FOTO CARNE] Hoja actualizada | fila=3 | estado=EN PROCESO W2 | observacion=
2026-04-20 15:10:24 | INFO | [FOTO CARNE][W1][76960463] OK | C:\Users\bnunez\Desktop\BOTS SUCAMEC\documentos-carnet-gadso\lotes\lote-20-04-2026-15-09-13\76960463\foto_carne_76960463.jpg
2026-04-20 15:10:26 | INFO | [FOTO CARNE] Hoja actualizada | fila=2 | estado=DESCARGADO | observacion=DESCARGADO CON FONDO BLANCO
2026-04-20 15:10:26 | INFO | [FOTO CARNE][W1] Worker finalizado | resumen={'procesados': 1, 'descargados': 1, 'sin_registros': 0, 'errores': 0}
2026-04-20 15:10:28 | INFO | [FOTO CARNE][W2][41628670] OK | C:\Users\bnunez\Desktop\BOTS SUCAMEC\documentos-carnet-gadso\lotes\lote-20-04-2026-15-09-13\41628670\foto_carne_41628670.jpg
2026-04-20 15:10:30 | INFO | [FOTO CARNE] Hoja actualizada | fila=3 | estado=DESCARGADO | observacion=DESCARGADO CON FONDO BLANCO
2026-04-20 15:10:30 | INFO | [FOTO CARNE][W2] Worker finalizado | resumen={'procesados': 1, 'descargados': 1, 'sin_registros': 0, 'errores': 0}
2026-04-20 15:10:30 | INFO | [FOTO CARNE] Flujo completado | workers=2 | procesados=2 | descargados=2 | sin_registros=0 | errores=0 | lote=C:\Users\bnunez\Desktop\BOTS SUCAMEC\documentos-carnet-gadso\lotes\lote-20-04-2026-15-09-13
